<?xml version="1.0" encoding="UTF-8"?>
<!-- Generated by org.testng.reporters.JUnitReportReporter -->
<testsuite hostname="DESKTOP-T3BPDF3" failures="0" tests="2" name="com.mystore.testcases.HomePageTest" time="97.750" errors="0" timestamp="2022-09-13T11:17:12 IST" skipped="0">
  <testcase classname="com.mystore.testcases.HomePageTest" name="wishListTest" time="48.608"/>
  <system-out/>
  <testcase classname="com.mystore.testcases.HomePageTest" name="orderHistoryandDetailTest" time="49.142"/>
  <system-out/>
</testsuite> <!-- com.mystore.testcases.HomePageTest -->
