<?xml version="1.0" encoding="UTF-8"?>
<!-- Generated by org.testng.reporters.JUnitReportReporter -->
<testsuite hostname="DESKTOP-T3BPDF3" failures="0" tests="2" name="com.mystore.testcases.IndexPageTest" time="21.002" errors="0" timestamp="2022-09-13T11:17:12 IST" skipped="0">
  <testcase classname="com.mystore.testcases.IndexPageTest" name="verifyTitle" time="11.466"/>
  <system-out/>
  <testcase classname="com.mystore.testcases.IndexPageTest" name="verifyLogo" time="9.536"/>
  <system-out/>
</testsuite> <!-- com.mystore.testcases.IndexPageTest -->
