<?xml version="1.0" encoding="UTF-8"?>
<!-- Generated by org.testng.reporters.JUnitReportReporter -->
<testsuite hostname="DESKTOP-T3BPDF3" failures="0" tests="1" name="com.mystore.testcases.SearchResultPageTest" time="19.918" errors="0" timestamp="2022-09-13T11:17:12 IST" skipped="0">
  <testcase classname="com.mystore.testcases.SearchResultPageTest" name="productAvailabilityTest" time="19.918"/>
  <system-out/>
</testsuite> <!-- com.mystore.testcases.SearchResultPageTest -->
