<?xml version="1.0" encoding="UTF-8"?>
<!-- Generated by org.testng.reporters.JUnitReportReporter -->
<testsuite hostname="DESKTOP-T3BPDF3" failures="0" tests="2" name="com.mystore.testcases.HomePageTest" time="41.011" errors="0" timestamp="2022-09-15T15:11:07 IST" skipped="0">
  <testcase classname="com.mystore.testcases.HomePageTest" name="orderHistoryandDetailTest" time="17.074"/>
  <system-out/>
  <testcase classname="com.mystore.testcases.HomePageTest" name="wishListTest" time="23.937"/>
  <system-out/>
</testsuite> <!-- com.mystore.testcases.HomePageTest -->
