<?xml version="1.0" encoding="UTF-8"?>
<!-- Generated by org.testng.reporters.JUnitReportReporter -->
<testsuite hostname="DESKTOP-T3BPDF3" failures="0" tests="1" name="com.mystore.testcases.EndToEndTest" time="82.723" errors="0" timestamp="2022-09-02T15:24:36 IST" skipped="0">
  <testcase classname="com.mystore.testcases.EndToEndTest" name="endToEndTest" time="82.723"/>
  <system-out/>
</testsuite> <!-- com.mystore.testcases.EndToEndTest -->
