<?xml version="1.0" encoding="UTF-8"?>
<!-- Generated by org.testng.reporters.JUnitReportReporter -->
<testsuite hostname="DESKTOP-T3BPDF3" failures="0" tests="2" name="com.mystore.testcases.IndexPageTest" time="38.764" errors="0" timestamp="2022-09-15T15:11:07 IST" skipped="0">
  <testcase classname="com.mystore.testcases.IndexPageTest" name="verifyTitle" time="29.834"/>
  <system-out/>
  <testcase classname="com.mystore.testcases.IndexPageTest" name="verifyLogo" time="8.930"/>
  <system-out/>
</testsuite> <!-- com.mystore.testcases.IndexPageTest -->
